**********************
PowerShell transcript start
Start time: 20211025014023
Username: DESKTOP-AB5L9RH\Administrator
RunAs User: DESKTOP-AB5L9RH\Administrator
Configuration Name: 
Machine: DESKTOP-AB5L9RH (Microsoft Windows NT 10.0.22000.0)
Host Application: C:\Program Files\PowerShell\7\pwsh.dll
Process ID: 3224
PSVersion: 7.1.5
PSEdition: Core
GitCommitId: 7.1.5
OS: Microsoft Windows 10.0.22000
Platform: Win32NT
PSCompatibleVersions: 1.0, 2.0, 3.0, 4.0, 5.0, 5.1.10032.0, 6.0.0, 6.1.0, 6.2.0, 7.0.0, 7.1.5
PSRemotingProtocolVersion: 2.3
SerializationVersion: 1.1.0.1
WSManStackVersion: 3.0
**********************
Transcript started, output file is D:\Yi.Solutions\_Scheme\Engine\Multilingual\Engine\Modules\Functions\..\..\Logs\Log-20211025014019\Logging.log

   Author: Multilingual ( https://fengyi.tel )

   From: Multilingual's Solutions
   buildstring: 1.0.0.6.bs_release.210814-1208
   解决方案工具箱
   ---------------------------------------------------
   1. 检查更新
   2. 重置 解决方案


   L. 切换语言
   R. 重新加载模块
   Q. 退出

   Author: Multilingual ( https://fengyi.tel )

   From: Multilingual's Solutions
   buildstring: 1.0.0.6.bs_release.210814-1208
   检查更新
   ---------------------------------------------------

   检查更新
   用户已取消操作。

   2 秒后自动返回到主菜单。

   Author: Multilingual ( https://fengyi.tel )

   From: Multilingual's Solutions
   buildstring: 1.0.0.6.bs_release.210814-1208
   解决方案工具箱
   ---------------------------------------------------
   1. 检查更新
   2. 重置 解决方案


   L. 切换语言
   R. 重新加载模块
   Q. 退出
